{:server-socket #<ServerSocket ServerSocket[addr=localhost/127.0.0.1,port=0,localport=19632]>, :connections #<Ref@13974ba: #{}>}
Downloading: org/clojure/clojure/1.2.0/clojure-1.2.0.pom from repository clojure at http://build.clojure.org/releases
Transferring 1K from clojure
Downloading: org/clojure/clojure-contrib/1.2.0/clojure-contrib-1.2.0.pom from repository clojure at http://build.clojure.org/releases
Transferring 4K from clojure
Downloading: org/clojure/clojure/1.2.0/clojure-1.2.0.jar from repository clojure at http://build.clojure.org/releases
Transferring 3161K from clojure
Downloading: org/clojure/clojure-contrib/1.2.0/clojure-contrib-1.2.0.jar from repository clojure at http://build.clojure.org/releases
Transferring 466K from clojure
Downloading: swank-clojure/swank-clojure/1.2.1/swank-clojure-1.2.1.pom from repository clojure at http://build.clojure.org/releases
Unable to locate resource in repository
[INFO] Unable to find resource 'swank-clojure:swank-clojure:pom:1.2.1' in repository clojure (http://build.clojure.org/releases)
Downloading: swank-clojure/swank-clojure/1.2.1/swank-clojure-1.2.1.pom from repository clojure-snapshots at http://build.clojure.org/snapshots
Unable to locate resource in repository
[INFO] Unable to find resource 'swank-clojure:swank-clojure:pom:1.2.1' in repository clojure-snapshots (http://build.clojure.org/snapshots)
Downloading: swank-clojure/swank-clojure/1.2.1/swank-clojure-1.2.1.pom from repository clojars at http://clojars.org/repo
Transferring 1K from clojars
Downloading: swank-clojure/swank-clojure/1.2.1/swank-clojure-1.2.1.jar from repository clojure at http://build.clojure.org/releases
Unable to locate resource in repository
[INFO] Unable to find resource 'swank-clojure:swank-clojure:jar:1.2.1' in repository clojure (http://build.clojure.org/releases)
Downloading: swank-clojure/swank-clojure/1.2.1/swank-clojure-1.2.1.jar from repository clojure-snapshots at http://build.clojure.org/snapshots
Unable to locate resource in repository
[INFO] Unable to find resource 'swank-clojure:swank-clojure:jar:1.2.1' in repository clojure-snapshots (http://build.clojure.org/snapshots)
Downloading: swank-clojure/swank-clojure/1.2.1/swank-clojure-1.2.1.jar from repository clojars at http://clojars.org/repo
Transferring 41K from clojars
{:server-socket #<ServerSocket ServerSocket[addr=localhost/127.0.0.1,port=0,localport=46115]>, :connections #<Ref@16c171f: #{}>}
